[01-23-11 21:08:59:859] [32minfo[39m: setting up all ISetup objects
[01-23-11 21:08:59:859] [31merror[39m: Error while starting app: RangeError [ERR_SOCKET_BAD_PORT]: options.port should be >= 0 and < 65536. Received NaN.
[01-23-11 21:09:01:91] [32minfo[39m: setting up all ISetup objects
[01-23-11 21:09:01:91] [31merror[39m: Error while starting app: RangeError [ERR_SOCKET_BAD_PORT]: options.port should be >= 0 and < 65536. Received NaN.
[01-23-11 21:09:26:926] [32minfo[39m: setting up all ISetup objects
[01-23-11 21:09:26:926] [32minfo[39m: Server is up!!!
[01-23-11 21:10:57:1057] [32minfo[39m: setting up all ISetup objects
[01-23-11 21:10:57:1057] [32minfo[39m: Server is up.
[01-23-11 21:10:57:1057] [32minfo[39m: HOST: localhost
[01-23-11 21:10:57:1057] [32minfo[39m: PORT: 3000
[01-23-11 21:11:53:1153] [32minfo[39m: setting up all ISetup objects
[01-23-11 21:11:53:1153] [32minfo[39m: Server is up.
[01-23-11 21:11:53:1153] [32minfo[39m: HOST: localhost
[01-23-11 21:11:53:1153] [32minfo[39m: PORT: 3000
[01-23-11 21:12:21:1221] [32minfo[39m: setting up all ISetup objects
[01-23-11 21:12:21:1221] [32minfo[39m: Server is up.
[01-23-11 21:12:21:1221] [32minfo[39m: HOST: localhost
[01-23-11 21:12:21:1221] [32minfo[39m: PORT: 3000
[01-23-11 21:12:46:1246] [32minfo[39m: setting up all ISetup objects
[01-23-11 21:12:46:1246] [32minfo[39m: Server is up.
[01-23-11 21:12:46:1246] [32minfo[39m: HOST: localhost
[01-23-11 21:12:46:1246] [32minfo[39m: PORT: 3000
[01-23-11 21:13:00:130] [32minfo[39m: setting up all ISetup objects
[01-23-11 21:13:00:130] [32minfo[39m: Server is up.
[01-23-11 21:13:00:130] [32minfo[39m: HOST: localhost
[01-23-11 21:13:00:130] [32minfo[39m: PORT: 3000
[01-23-11 21:14:00:140] [32minfo[39m: setting up all ISetup objects
[01-23-11 21:14:00:140] [32minfo[39m: Server is up.
[01-23-11 21:14:00:140] [32minfo[39m: HOST: localhost
[01-23-11 21:14:00:140] [32minfo[39m: PORT: 3000
[01-23-11 21:14:17:1417] [32minfo[39m: setting up all ISetup objects
[01-23-11 21:14:17:1417] [32minfo[39m: Server is up.
[01-23-11 21:14:17:1417] [32minfo[39m: HOST: localhost
[01-23-11 21:14:17:1417] [32minfo[39m: PORT: 3000
[01-23-11 21:14:50:1450] [32minfo[39m: setting up all ISetup objects
[01-23-11 21:14:50:1450] [32minfo[39m: Server is up.
[01-23-11 21:14:50:1450] [32minfo[39m: HOST: localhost
[01-23-11 21:14:50:1450] [32minfo[39m: PORT: 3000
[01-23-11 21:14:53:1453] [32minfo[39m: setting up all ISetup objects
[01-23-11 21:14:53:1453] [32minfo[39m: Server is up.
[01-23-11 21:14:53:1453] [32minfo[39m: HOST: localhost
[01-23-11 21:14:53:1453] [32minfo[39m: PORT: 3000
[01-23-11 21:14:58:1458] [32minfo[39m: setting up all ISetup objects
[01-23-11 21:14:58:1458] [32minfo[39m: Server is up.
[01-23-11 21:14:58:1458] [32minfo[39m: HOST: localhost
[01-23-11 21:14:58:1458] [32minfo[39m: PORT: 3000
[01-23-11 21:23:24:2324] [32minfo[39m: setting up all ISetup objects
[01-23-11 21:23:24:2324] [32minfo[39m: Server is up.
[01-23-11 21:23:24:2324] [32minfo[39m: HOST: localhost
[01-23-11 21:23:24:2324] [32minfo[39m: PORT: 3000
[01-23-11 21:23:44:2344] [32minfo[39m: setting up all ISetup objects
[01-23-11 21:23:44:2344] [32minfo[39m: Server is up.
[01-23-11 21:23:44:2344] [32minfo[39m: HOST: localhost
[01-23-11 21:23:44:2344] [32minfo[39m: PORT: 3000
[01-23-11 21:23:53:2353] [32minfo[39m: setting up all ISetup objects
[01-23-11 21:23:53:2353] [32minfo[39m: Server is up.
[01-23-11 21:23:53:2353] [32minfo[39m: HOST: localhost
[01-23-11 21:23:53:2353] [32minfo[39m: PORT: 3000
[01-23-11 21:24:14:2414] [32minfo[39m: setting up all ISetup objects
[01-23-11 21:24:14:2414] [32minfo[39m: Server is up.
[01-23-11 21:24:14:2414] [32minfo[39m: HOST: localhost
[01-23-11 21:24:14:2414] [32minfo[39m: PORT: 3000
[01-23-11 21:24:25:2425] [32minfo[39m: setting up all ISetup objects
[01-23-11 21:24:25:2425] [32minfo[39m: Server is up.
[01-23-11 21:24:25:2425] [32minfo[39m: HOST: localhost
[01-23-11 21:24:25:2425] [32minfo[39m: PORT: 3000
[01-23-11 21:25:24:2524] [32minfo[39m: setting up all ISetup objects
[01-23-11 21:25:24:2524] [32minfo[39m: Server is up.
[01-23-11 21:25:24:2524] [32minfo[39m: HOST: localhost
[01-23-11 21:25:24:2524] [32minfo[39m: PORT: 3000
[01-23-11 21:25:27:2527] [32minfo[39m: setting up all ISetup objects
[01-23-11 21:25:27:2527] [32minfo[39m: Server is up.
[01-23-11 21:25:27:2527] [32minfo[39m: HOST: localhost
[01-23-11 21:25:27:2527] [32minfo[39m: PORT: 3000
[01-23-11 21:26:31:2631] [32minfo[39m: setting up all ISetup objects
[01-23-11 21:26:31:2631] [32minfo[39m: Server is up.
[01-23-11 21:26:31:2631] [32minfo[39m: HOST: localhost
[01-23-11 21:26:31:2631] [32minfo[39m: PORT: 3000
[01-23-11 21:27:37:2737] [32minfo[39m: setting up all ISetup objects
[01-23-11 21:27:37:2737] [32minfo[39m: Server is up.
[01-23-11 21:27:37:2737] [32minfo[39m: HOST: localhost
[01-23-11 21:27:37:2737] [32minfo[39m: PORT: 3000
[01-23-11 21:28:11:2811] [32minfo[39m: setting up all ISetup objects
[01-23-11 21:28:11:2811] [32minfo[39m: Server is up.
[01-23-11 21:28:11:2811] [32minfo[39m: HOST: localhost
[01-23-11 21:28:11:2811] [32minfo[39m: PORT: 3000
[01-23-11 21:28:17:2817] [32minfo[39m: setting up all ISetup objects
[01-23-11 21:28:17:2817] [32minfo[39m: Server is up.
[01-23-11 21:28:17:2817] [32minfo[39m: HOST: localhost
[01-23-11 21:28:17:2817] [32minfo[39m: PORT: 3000
[01-23-11 21:28:27:2827] [32minfo[39m: setting up all ISetup objects
[01-23-11 21:28:27:2827] [32minfo[39m: Server is up.
[01-23-11 21:28:27:2827] [32minfo[39m: HOST: localhost
[01-23-11 21:28:27:2827] [32minfo[39m: PORT: 3000
[01-23-11 21:28:41:2841] [32minfo[39m: setting up all ISetup objects
[01-23-11 21:28:41:2841] [32minfo[39m: Server is up.
[01-23-11 21:28:41:2841] [32minfo[39m: HOST: localhost
[01-23-11 21:28:41:2841] [32minfo[39m: PORT: 3000
[01-23-11 21:29:00:290] [32minfo[39m: setting up all ISetup objects
[01-23-11 21:29:00:290] [32minfo[39m: Server is up.
[01-23-11 21:29:00:290] [32minfo[39m: HOST: localhost
[01-23-11 21:29:00:290] [32minfo[39m: PORT: 3000
[01-23-11 21:29:09:299] [32minfo[39m: setting up all ISetup objects
[01-23-11 21:29:09:299] [32minfo[39m: Server is up.
[01-23-11 21:29:09:299] [32minfo[39m: HOST: localhost
[01-23-11 21:29:09:299] [32minfo[39m: PORT: 3000
[01-23-11 21:29:43:2943] [32minfo[39m: setting up all ISetup objects
[01-23-11 21:29:43:2943] [32minfo[39m: Server is up.
[01-23-11 21:29:43:2943] [32minfo[39m: HOST: localhost
[01-23-11 21:29:43:2943] [32minfo[39m: PORT: 3000
[01-23-11 21:30:44:3044] [32minfo[39m: setting up all ISetup objects
[01-23-11 21:30:44:3044] [32minfo[39m: Server is up.
[01-23-11 21:30:44:3044] [32minfo[39m: HOST: localhost
[01-23-11 21:30:44:3044] [32minfo[39m: PORT: 3000
[01-23-11 21:31:42:3142] [32minfo[39m: setting up all ISetup objects
[01-23-11 21:31:42:3142] [32minfo[39m: Server is up.
[01-23-11 21:31:42:3142] [32minfo[39m: HOST: localhost
[01-23-11 21:31:42:3142] [32minfo[39m: PORT: 3000
[01-23-11 21:32:56:3256] [32minfo[39m: setting up all ISetup objects
[01-23-11 21:32:56:3256] [32minfo[39m: Server is up.
[01-23-11 21:32:56:3256] [32minfo[39m: HOST: localhost
[01-23-11 21:32:56:3256] [32minfo[39m: PORT: 3000
[01-23-11 21:33:15:3315] [32minfo[39m: setting up all ISetup objects
[01-23-11 21:33:15:3315] [32minfo[39m: Server is up.
[01-23-11 21:33:15:3315] [32minfo[39m: HOST: localhost
[01-23-11 21:33:15:3315] [32minfo[39m: PORT: 3000
[01-23-11 21:33:26:3326] [32minfo[39m: setting up all ISetup objects
[01-23-11 21:33:26:3326] [32minfo[39m: Server is up.
[01-23-11 21:33:26:3326] [32minfo[39m: HOST: localhost
[01-23-11 21:33:26:3326] [32minfo[39m: PORT: 3000
[01-23-11 21:34:11:3411] [32minfo[39m: setting up all ISetup objects
[01-23-11 21:34:11:3411] [32minfo[39m: Server is up.
[01-23-11 21:34:11:3411] [32minfo[39m: HOST: localhost
[01-23-11 21:34:11:3411] [32minfo[39m: PORT: 3000
[01-23-11 21:34:31:3431] [32minfo[39m: setting up all ISetup objects
[01-23-11 21:34:31:3431] [32minfo[39m: Server is up.
[01-23-11 21:34:31:3431] [32minfo[39m: HOST: localhost
[01-23-11 21:34:31:3431] [32minfo[39m: PORT: 3000
[01-23-11 21:34:34:3434] [32minfo[39m: setting up all ISetup objects
[01-23-11 21:34:34:3434] [32minfo[39m: Server is up.
[01-23-11 21:34:34:3434] [32minfo[39m: HOST: localhost
[01-23-11 21:34:34:3434] [32minfo[39m: PORT: 3000
[01-23-11 21:34:43:3443] [32minfo[39m: setting up all ISetup objects
[01-23-11 21:34:43:3443] [32minfo[39m: Server is up.
[01-23-11 21:34:43:3443] [32minfo[39m: HOST: localhost
[01-23-11 21:34:43:3443] [32minfo[39m: PORT: 3000
[01-23-11 21:34:54:3454] [32minfo[39m: setting up all ISetup objects
[01-23-11 21:34:54:3454] [32minfo[39m: Server is up.
[01-23-11 21:34:54:3454] [32minfo[39m: HOST: localhost
[01-23-11 21:34:54:3454] [32minfo[39m: PORT: 3000
[01-23-11 21:34:59:3459] [32minfo[39m: setting up all ISetup objects
[01-23-11 21:34:59:3459] [32minfo[39m: Server is up.
[01-23-11 21:34:59:3459] [32minfo[39m: HOST: localhost
[01-23-11 21:34:59:3459] [32minfo[39m: PORT: 3000
[01-23-11 21:35:03:353] [32minfo[39m: setting up all ISetup objects
[01-23-11 21:35:03:353] [32minfo[39m: Server is up.
[01-23-11 21:35:03:353] [32minfo[39m: HOST: localhost
[01-23-11 21:35:03:353] [32minfo[39m: PORT: 3000
[01-23-11 21:35:05:355] [32minfo[39m: setting up all ISetup objects
[01-23-11 21:35:05:355] [32minfo[39m: Server is up.
[01-23-11 21:35:05:355] [32minfo[39m: HOST: localhost
[01-23-11 21:35:05:355] [32minfo[39m: PORT: 3000
[01-23-11 21:35:30:3530] [32minfo[39m: setting up all ISetup objects
[01-23-11 21:35:30:3530] [32minfo[39m: Server is up.
[01-23-11 21:35:30:3530] [32minfo[39m: HOST: localhost
[01-23-11 21:35:30:3530] [32minfo[39m: PORT: 3000
[01-23-11 21:35:44:3544] [32minfo[39m: setting up all ISetup objects
[01-23-11 21:35:44:3544] [32minfo[39m: Server is up.
[01-23-11 21:35:44:3544] [32minfo[39m: HOST: localhost
[01-23-11 21:35:44:3544] [32minfo[39m: PORT: 3000
[01-23-11 21:36:04:364] [32minfo[39m: setting up all ISetup objects
[01-23-11 21:36:04:364] [32minfo[39m: Server is up.
[01-23-11 21:36:04:364] [32minfo[39m: HOST: localhost
[01-23-11 21:36:04:364] [32minfo[39m: PORT: 3000
[01-23-11 21:36:12:3612] [32minfo[39m: setting up all ISetup objects
[01-23-11 21:36:12:3612] [32minfo[39m: Server is up.
[01-23-11 21:36:12:3612] [32minfo[39m: HOST: localhost
[01-23-11 21:36:12:3612] [32minfo[39m: PORT: 3000
[01-23-11 21:36:18:3618] [32minfo[39m: setting up all ISetup objects
[01-23-11 21:36:18:3618] [32minfo[39m: Server is up.
[01-23-11 21:36:18:3618] [32minfo[39m: HOST: localhost
[01-23-11 21:36:18:3618] [32minfo[39m: PORT: 3000
[01-23-11 21:36:22:3622] [32minfo[39m: setting up all ISetup objects
[01-23-11 21:36:22:3622] [32minfo[39m: Server is up.
[01-23-11 21:36:22:3622] [32minfo[39m: HOST: localhost
[01-23-11 21:36:22:3622] [32minfo[39m: PORT: 3000
[01-23-11 21:36:31:3631] [32minfo[39m: setting up all ISetup objects
[01-23-11 21:36:31:3631] [32minfo[39m: Server is up.
[01-23-11 21:36:31:3631] [32minfo[39m: HOST: localhost
[01-23-11 21:36:31:3631] [32minfo[39m: PORT: 3000
[01-23-11 21:36:37:3637] [32minfo[39m: setting up all ISetup objects
[01-23-11 21:36:37:3637] [32minfo[39m: Server is up.
[01-23-11 21:36:37:3637] [32minfo[39m: HOST: localhost
[01-23-11 21:36:37:3637] [32minfo[39m: PORT: 3000
[01-23-11 21:36:50:3650] [32minfo[39m: setting up all ISetup objects
[01-23-11 21:36:50:3650] [32minfo[39m: Server is up.
[01-23-11 21:36:50:3650] [32minfo[39m: HOST: localhost
[01-23-11 21:36:50:3650] [32minfo[39m: PORT: 3000
[01-23-11 21:37:29:3729] [32minfo[39m: setting up all ISetup objects
[01-23-11 21:37:29:3729] [32minfo[39m: Server is up.
[01-23-11 21:37:29:3729] [32minfo[39m: HOST: localhost
[01-23-11 21:37:29:3729] [32minfo[39m: PORT: 3000
[01-23-11 21:37:47:3747] [32minfo[39m: setting up all ISetup objects
[01-23-11 21:37:47:3747] [32minfo[39m: Server is up.
[01-23-11 21:37:47:3747] [32minfo[39m: HOST: localhost
[01-23-11 21:37:47:3747] [32minfo[39m: PORT: 3000
[01-23-11 21:38:03:383] [32minfo[39m: setting up all ISetup objects
[01-23-11 21:38:03:383] [32minfo[39m: Server is up.
[01-23-11 21:38:03:383] [32minfo[39m: HOST: localhost
[01-23-11 21:38:03:383] [32minfo[39m: PORT: 3000
[01-23-11 23:35:17:3517] [31merror[39m: Error while starting app: Error: Cannot inject the dependency "source" at position #1 of "UserService" constructor. Reason:
    TypeInfo not known for "DataSource"
[01-23-11 23:36:30:3630] [31merror[39m: Error while starting app: Error: Cannot inject the dependency "source" at position #1 of "UserService" constructor. Reason:
    TypeInfo not known for "DataSource"
[01-23-11 23:38:13:3813] [31merror[39m: Error while starting app: Error: Cannot inject the dependency "source" at position #1 of "UserService" constructor. Reason:
    TypeInfo not known for "DataSource"
[01-23-11 23:39:06:396] [31merror[39m: Error while starting app: Error: Cannot inject the dependency "source" at position #1 of "UserService" constructor. Reason:
    TypeInfo not known for "DataSource"
[01-23-11 23:39:43:3943] [31merror[39m: Error while starting app: Error: Cannot inject the dependency "source" at position #1 of "UserService" constructor. Reason:
    TypeInfo not known for "DataSource"
[01-23-11 23:39:48:3948] [31merror[39m: Error while starting app: Error: Cannot inject the dependency "source" at position #1 of "UserService" constructor. Reason:
    TypeInfo not known for "DataSource"
[01-23-11 23:40:34:4034] [31merror[39m: Error while starting app: Error: Cannot inject the dependency "source" at position #1 of "UserService" constructor. Reason:
    TypeInfo not known for "DataSource"
[01-23-11 23:40:43:4043] [31merror[39m: Error while starting app: Error: Cannot inject the dependency "source" at position #1 of "UserService" constructor. Reason:
    TypeInfo not known for "DataSource"
[01-23-11 23:41:01:411] [31merror[39m: Error while starting app: Error: Cannot inject the dependency "source" at position #1 of "UserService" constructor. Reason:
    TypeInfo not known for "DataSource"
[01-23-11 23:41:12:4112] [31merror[39m: Error while starting app: Error: Cannot inject the dependency "source" at position #1 of "UserService" constructor. Reason:
    TypeInfo not known for "DataSource"
[01-23-11 23:41:17:4117] [31merror[39m: Error while starting app: Error: Cannot inject the dependency "source" at position #1 of "UserService" constructor. Reason:
    TypeInfo not known for "DataSource"
[01-23-11 23:41:30:4130] [31merror[39m: Error while starting app: Error: Cannot inject the dependency "source" at position #1 of "UserService" constructor. Reason:
    TypeInfo not known for "DataSource"
[01-23-11 23:41:58:4158] [31merror[39m: Error while starting app: Error: Cannot inject the dependency "source" at position #1 of "UserService" constructor. Reason:
    TypeInfo not known for "DataSource"
[01-23-11 23:42:16:4216] [31merror[39m: Error while starting app: Error: Cannot inject the dependency "source" at position #1 of "UserService" constructor. Reason:
    TypeInfo not known for "DataSource"
[01-23-11 23:42:16:4216] [32minfo[39m: Sqlite is set up!
[01-23-11 23:42:28:4228] [31merror[39m: Error while starting app: Error: Cannot inject the dependency "source" at position #1 of "UserService" constructor. Reason:
    TypeInfo not known for "DataSource"
[01-23-11 23:42:28:4228] [32minfo[39m: Sqlite is set up!
[01-23-11 23:43:33:4333] [31merror[39m: Error while starting app: Error: TypeInfo not known for "DataSource"
[01-23-11 23:43:33:4333] [32minfo[39m: Sqlite is set up!
[01-23-11 23:43:45:4345] [31merror[39m: Error while starting app: Error: TypeInfo not known for "DataSource"
[01-23-11 23:43:45:4345] [32minfo[39m: Sqlite is set up!
[01-23-11 23:44:40:4440] [31merror[39m: Error while starting app: Error: TypeInfo not known for "DataSource"
[01-23-11 23:44:40:4440] [32minfo[39m: Sqlite is set up!
[01-23-11 23:44:53:4453] [31merror[39m: Error while starting app: Error: TypeInfo not known for "DataSource"
[01-23-11 23:44:53:4453] [32minfo[39m: Sqlite is set up!
[01-23-11 23:48:57:4857] [32minfo[39m: setting up all ISetup objects
[01-23-11 23:48:57:4857] [32minfo[39m: Server is up.
[01-23-11 23:48:57:4857] [32minfo[39m: HOST: localhost
[01-23-11 23:48:57:4857] [32minfo[39m: PORT: 3000
[01-23-11 23:48:57:4857] [32minfo[39m: Sqlite is set up!
[01-23-11 23:49:28:4928] [32minfo[39m: setting up all ISetup objects
[01-23-11 23:49:28:4928] [32minfo[39m: Sqlite is set up!
[01-23-11 23:49:28:4928] [32minfo[39m: Server is up.
[01-23-11 23:49:28:4928] [32minfo[39m: HOST: localhost
[01-23-11 23:49:28:4928] [32minfo[39m: PORT: 3000
[01-23-11 23:49:45:4945] [32minfo[39m: setting up all ISetup objects
[01-23-11 23:49:45:4945] [32minfo[39m: Server is up.
[01-23-11 23:49:45:4945] [32minfo[39m: HOST: localhost
[01-23-11 23:49:45:4945] [32minfo[39m: PORT: 3000
[01-23-11 23:49:45:4945] [32minfo[39m: Sqlite is set up!
[01-23-11 23:49:53:4953] [32minfo[39m: setting up all ISetup objects
[01-23-11 23:49:53:4953] [32minfo[39m: Server is up.
[01-23-11 23:49:53:4953] [32minfo[39m: HOST: localhost
[01-23-11 23:49:53:4953] [32minfo[39m: PORT: 3000
[01-23-11 23:49:53:4953] [32minfo[39m: Sqlite is set up!
[01-23-11 23:49:58:4958] [32minfo[39m: setting up all ISetup objects
[01-23-11 23:49:58:4958] [32minfo[39m: Server is up.
[01-23-11 23:49:58:4958] [32minfo[39m: HOST: localhost
[01-23-11 23:49:58:4958] [32minfo[39m: PORT: 3000
[01-23-11 23:49:58:4958] [32minfo[39m: Sqlite is set up!
[01-23-11 23:50:03:503] [32minfo[39m: setting up all ISetup objects
[01-23-11 23:50:03:503] [32minfo[39m: Sqlite is set up!
[01-23-11 23:50:03:503] [32minfo[39m: Server is up.
[01-23-11 23:50:03:503] [32minfo[39m: HOST: localhost
[01-23-11 23:50:03:503] [32minfo[39m: PORT: 3000
[01-23-11 23:54:52:5452] [32minfo[39m: setting up all ISetup objects
[01-23-11 23:54:52:5452] [32minfo[39m: Sqlite is set up!
[01-23-11 23:54:52:5452] [32minfo[39m: Server is up.
[01-23-11 23:54:52:5452] [32minfo[39m: HOST: localhost
[01-23-11 23:54:52:5452] [32minfo[39m: PORT: 3000
[01-23-11 23:55:10:5510] [32minfo[39m: setting up all ISetup objects
[01-23-11 23:55:10:5510] [32minfo[39m: Sqlite is set up!
[01-23-11 23:55:10:5510] [32minfo[39m: Server is up.
[01-23-11 23:55:10:5510] [32minfo[39m: HOST: localhost
[01-23-11 23:55:10:5510] [32minfo[39m: PORT: 3000
[01-23-11 23:55:19:5519] [32minfo[39m: setting up all ISetup objects
[01-23-11 23:55:19:5519] [32minfo[39m: Server is up.
[01-23-11 23:55:19:5519] [32minfo[39m: HOST: localhost
[01-23-11 23:55:19:5519] [32minfo[39m: PORT: 3000
[01-23-11 23:55:19:5519] [32minfo[39m: Sqlite is set up!
[01-23-11 23:56:33:5633] [32minfo[39m: setting up all ISetup objects
[01-23-11 23:56:33:5633] [32minfo[39m: Server is up.
[01-23-11 23:56:33:5633] [32minfo[39m: HOST: localhost
[01-23-11 23:56:33:5633] [32minfo[39m: PORT: 3000
[01-23-11 23:56:33:5633] [32minfo[39m: Sqlite is set up!
