[01-23-12 00:00:43:043] [32minfo[39m: SQLite3 is connected!
[01-23-12 00:00:43:043] [32minfo[39m: Preparing app instance
[01-23-12 00:00:43:043] [32minfo[39m: Server is up.
[01-23-12 00:00:43:043] [32minfo[39m: HOST: localhost
[01-23-12 00:00:43:043] [32minfo[39m: PORT: 3000
[01-23-12 00:00:51:051] [32minfo[39m: SQLite3 is connected!
[01-23-12 00:00:51:051] [32minfo[39m: Preparing app instance
[01-23-12 00:00:51:051] [32minfo[39m: Server is up.
[01-23-12 00:00:51:051] [32minfo[39m: HOST: localhost
[01-23-12 00:00:51:051] [32minfo[39m: PORT: 3000
[01-23-12 00:01:16:116] [32minfo[39m: SQLite3 is connected!
[01-23-12 00:01:16:116] [32minfo[39m: Preparing app instance
[01-23-12 00:01:16:116] [32minfo[39m: Server is up.
[01-23-12 00:01:16:116] [32minfo[39m: HOST: localhost
[01-23-12 00:01:16:116] [32minfo[39m: PORT: 3000
[01-23-12 00:01:24:124] [32minfo[39m: SQLite3 is connected!
[01-23-12 00:01:24:124] [32minfo[39m: Preparing app instance
[01-23-12 00:01:24:124] [32minfo[39m: Server is up.
[01-23-12 00:01:24:124] [32minfo[39m: HOST: localhost
[01-23-12 00:01:24:124] [32minfo[39m: PORT: 3000
[32minfo[39m, HTTP POST /auth/sign-up
[32minfo[39m, HTTP POST /auth//sign-up
[32minfo[39m, HTTP POST /auth//sign-up
[32minfo[39m, HTTP POST /auth/sign-up
[01-23-12 00:02:21:221] [32minfo[39m: SQLite3 is connected!
[01-23-12 00:02:21:221] [32minfo[39m: Preparing app instance
[01-23-12 00:02:21:221] [32minfo[39m: Server is up.
[01-23-12 00:02:21:221] [32minfo[39m: HOST: localhost
[01-23-12 00:02:21:221] [32minfo[39m: PORT: 3000
[32minfo[39m, HTTP POST /auth/sign-up
[32minfo[39m, HTTP POST /auth/auth/sign-up
[01-23-12 00:02:43:243] [32minfo[39m: SQLite3 is connected!
[01-23-12 00:02:43:243] [32minfo[39m: Preparing app instance
[01-23-12 00:02:43:243] [32minfo[39m: Server is up.
[01-23-12 00:02:43:243] [32minfo[39m: HOST: localhost
[01-23-12 00:02:43:243] [32minfo[39m: PORT: 3000
[01-23-12 00:02:47:247] [32minfo[39m: SQLite3 is connected!
[01-23-12 00:02:47:247] [32minfo[39m: Preparing app instance
[01-23-12 00:02:47:247] [32minfo[39m: Server is up.
[01-23-12 00:02:47:247] [32minfo[39m: HOST: localhost
[01-23-12 00:02:47:247] [32minfo[39m: PORT: 3000
[32minfo[39m, HTTP POST /sign-up
[01-23-12 00:03:00:30] [32minfo[39m: SQLite3 is connected!
[01-23-12 00:03:00:30] [32minfo[39m: Preparing app instance
[01-23-12 00:03:00:30] [32minfo[39m: Server is up.
[01-23-12 00:03:00:30] [32minfo[39m: HOST: localhost
[01-23-12 00:03:00:30] [32minfo[39m: PORT: 3000
[32minfo[39m, HTTP POST /sign-up
[01-23-12 00:03:34:334] [32minfo[39m: SQLite3 is connected!
[01-23-12 00:03:34:334] [32minfo[39m: Preparing app instance
[01-23-12 00:03:34:334] [32minfo[39m: Server is up.
[01-23-12 00:03:34:334] [32minfo[39m: HOST: localhost
[01-23-12 00:03:34:334] [32minfo[39m: PORT: 3000
[32minfo[39m, HTTP POST /sign-up
[32minfo[39m, HTTP POST /auth/sign-up
[01-23-12 00:03:57:357] [32minfo[39m: SQLite3 is connected!
[01-23-12 00:03:57:357] [32minfo[39m: Preparing app instance
[01-23-12 00:03:57:357] [32minfo[39m: Server is up.
[01-23-12 00:03:57:357] [32minfo[39m: HOST: localhost
[01-23-12 00:03:57:357] [32minfo[39m: PORT: 3000
[32minfo[39m, HTTP POST /auth/sign-up
[01-23-12 00:04:23:423] [32minfo[39m: SQLite3 is connected!
[01-23-12 00:04:23:423] [32minfo[39m: Preparing app instance
[01-23-12 00:04:23:423] [32minfo[39m: Server is up.
[01-23-12 00:04:23:423] [32minfo[39m: HOST: localhost
[01-23-12 00:04:23:423] [32minfo[39m: PORT: 3000
[32minfo[39m, HTTP POST /auth/sign-up
[32minfo[39m, HTTP POST /auth/sign-up
[01-23-12 00:04:51:451] [32minfo[39m: SQLite3 is connected!
[01-23-12 00:04:51:451] [32minfo[39m: Preparing app instance
[01-23-12 00:04:51:451] [32minfo[39m: Server is up.
[01-23-12 00:04:51:451] [32minfo[39m: HOST: localhost
[01-23-12 00:04:51:451] [32minfo[39m: PORT: 3000
[01-23-12 00:05:13:513] [32minfo[39m: SQLite3 is connected!
[01-23-12 00:05:13:513] [32minfo[39m: Preparing app instance
[01-23-12 00:05:13:513] [32minfo[39m: Server is up.
[01-23-12 00:05:13:513] [32minfo[39m: HOST: localhost
[01-23-12 00:05:13:513] [32minfo[39m: PORT: 3000
[32minfo[39m, HTTP POST /auth/sign-up
[32minfo[39m, HTTP POST /auth/sign-up
[32minfo[39m, HTTP POST /auth/sign-up
[32minfo[39m, HTTP POST /auth/sign-up
[32minfo[39m, HTTP POST /auth/sign-in
[01-23-12 00:05:53:553] [32minfo[39m: SQLite3 is connected!
[01-23-12 00:05:53:553] [32minfo[39m: Preparing app instance
[01-23-12 00:05:53:553] [32minfo[39m: Server is up.
[01-23-12 00:05:53:553] [32minfo[39m: HOST: localhost
[01-23-12 00:05:53:553] [32minfo[39m: PORT: 3000
[32minfo[39m, HTTP POST /auth/sign-in
[32minfo[39m, HTTP POST /auth/sign-in
[32minfo[39m, HTTP POST /auth/sign-in
[32minfo[39m, HTTP POST /auth/sign-in
[32minfo[39m, HTTP POST /auth/sign-in
[32minfo[39m, HTTP POST /auth/sign-up
[32minfo[39m, HTTP POST /auth/sign-up
[01-23-12 00:07:48:748] [32minfo[39m: SQLite3 is connected!
[01-23-12 00:07:48:748] [32minfo[39m: Preparing app instance
[01-23-12 00:07:48:748] [32minfo[39m: Server is up.
[01-23-12 00:07:48:748] [32minfo[39m: HOST: localhost
[01-23-12 00:07:48:748] [32minfo[39m: PORT: 3000
[01-23-12 00:08:14:814] [32minfo[39m: SQLite3 is connected!
[01-23-12 00:08:14:814] [32minfo[39m: Preparing app instance
[01-23-12 00:08:14:814] [32minfo[39m: Server is up.
[01-23-12 00:08:14:814] [32minfo[39m: HOST: localhost
[01-23-12 00:08:14:814] [32minfo[39m: PORT: 3000
[01-23-12 00:08:19:819] [32minfo[39m: SQLite3 is connected!
[01-23-12 00:08:19:819] [32minfo[39m: Preparing app instance
[01-23-12 00:08:19:819] [32minfo[39m: Server is up.
[01-23-12 00:08:19:819] [32minfo[39m: HOST: localhost
[01-23-12 00:08:19:819] [32minfo[39m: PORT: 3000
[01-23-12 00:09:06:96] [32minfo[39m: SQLite3 is connected!
[01-23-12 00:09:06:96] [32minfo[39m: Preparing app instance
[01-23-12 00:09:06:96] [32minfo[39m: Server is up.
[01-23-12 00:09:06:96] [32minfo[39m: HOST: localhost
[01-23-12 00:09:06:96] [32minfo[39m: PORT: 3000
[01-23-12 00:09:24:924] [32minfo[39m: SQLite3 is connected!
[01-23-12 00:09:24:924] [32minfo[39m: Preparing app instance
[01-23-12 00:09:24:924] [32minfo[39m: Server is up.
[01-23-12 00:09:24:924] [32minfo[39m: HOST: localhost
[01-23-12 00:09:24:924] [32minfo[39m: PORT: 3000
[01-23-12 00:15:44:1544] [32minfo[39m: SQLite3 is connected!
[01-23-12 00:15:44:1544] [32minfo[39m: Preparing app instance
[01-23-12 00:15:44:1544] [32minfo[39m: Server is up.
[01-23-12 00:15:44:1544] [32minfo[39m: HOST: localhost
[01-23-12 00:15:44:1544] [32minfo[39m: PORT: 3000
[01-23-12 00:16:21:1621] [32minfo[39m: SQLite3 is connected!
[01-23-12 00:16:21:1621] [32minfo[39m: Preparing app instance
[01-23-12 00:16:21:1621] [32minfo[39m: Server is up.
[01-23-12 00:16:21:1621] [32minfo[39m: HOST: localhost
[01-23-12 00:16:21:1621] [32minfo[39m: PORT: 3000
[01-23-12 00:17:11:1711] [32minfo[39m: SQLite3 is connected!
[01-23-12 00:17:11:1711] [32minfo[39m: Preparing app instance
[01-23-12 00:17:11:1711] [32minfo[39m: Server is up.
[01-23-12 00:17:11:1711] [32minfo[39m: HOST: localhost
[01-23-12 00:17:11:1711] [32minfo[39m: PORT: 3000
[01-23-12 00:17:35:1735] [32minfo[39m: SQLite3 is connected!
[01-23-12 00:17:35:1735] [32minfo[39m: Preparing app instance
[01-23-12 00:17:35:1735] [32minfo[39m: Server is up.
[01-23-12 00:17:35:1735] [32minfo[39m: HOST: localhost
[01-23-12 00:17:35:1735] [32minfo[39m: PORT: 3000
[01-23-12 00:18:25:1825] [32minfo[39m: SQLite3 is connected!
[01-23-12 00:18:25:1825] [32minfo[39m: Preparing app instance
[01-23-12 00:18:25:1825] [32minfo[39m: Server is up.
[01-23-12 00:18:25:1825] [32minfo[39m: HOST: localhost
[01-23-12 00:18:25:1825] [32minfo[39m: PORT: 3000
[01-23-12 00:19:16:1916] [32minfo[39m: SQLite3 is connected!
[01-23-12 00:19:16:1916] [32minfo[39m: Preparing app instance
[01-23-12 00:19:16:1916] [32minfo[39m: Server is up.
[01-23-12 00:19:16:1916] [32minfo[39m: HOST: localhost
[01-23-12 00:19:16:1916] [32minfo[39m: PORT: 3000
[01-23-12 00:20:26:2026] [32minfo[39m: SQLite3 is connected!
[01-23-12 00:20:26:2026] [32minfo[39m: Preparing app instance
[01-23-12 00:20:26:2026] [32minfo[39m: Server is up.
[01-23-12 00:20:26:2026] [32minfo[39m: HOST: localhost
[01-23-12 00:20:26:2026] [32minfo[39m: PORT: 3000
[01-23-12 00:21:14:2114] [32minfo[39m: SQLite3 is connected!
[01-23-12 00:21:14:2114] [32minfo[39m: Preparing app instance
[01-23-12 00:21:14:2114] [32minfo[39m: Server is up.
[01-23-12 00:21:14:2114] [32minfo[39m: HOST: localhost
[01-23-12 00:21:14:2114] [32minfo[39m: PORT: 3000
[32minfo[39m, HTTP POST /post
[32minfo[39m, HTTP POST /post/
[32minfo[39m, HTTP POST /post//
[32minfo[39m, HTTP POST /post
[32minfo[39m, HTTP POST /posts
[32minfo[39m, HTTP POST /posts
[32minfo[39m, HTTP POST /posts
[32minfo[39m, HTTP POST /posts
[32minfo[39m, HTTP POST /posts
[32minfo[39m, HTTP POST /posts
[32minfo[39m, HTTP GET /posts/6
[32minfo[39m, HTTP GET /posts/6
[32minfo[39m, HTTP GET /posts/7
[32minfo[39m, HTTP GET /posts/4
[32minfo[39m, HTTP GET /posts?page=0&size=2
[32minfo[39m, HTTP GET /posts?page=0&size=4
[32minfo[39m, HTTP GET /posts?page=0&size=7
[01-23-12 00:29:13:2913] [32minfo[39m: SQLite3 is connected!
[01-23-12 00:29:13:2913] [32minfo[39m: Preparing app instance
[01-23-12 00:29:13:2913] [32minfo[39m: Server is up.
[01-23-12 00:29:13:2913] [32minfo[39m: HOST: localhost
[01-23-12 00:29:13:2913] [32minfo[39m: PORT: 3000
[01-23-12 00:30:10:3010] [32minfo[39m: SQLite3 is connected!
[01-23-12 00:30:10:3010] [32minfo[39m: Preparing app instance
[01-23-12 00:30:10:3010] [32minfo[39m: Server is up.
[01-23-12 00:30:10:3010] [32minfo[39m: HOST: localhost
[01-23-12 00:30:10:3010] [32minfo[39m: PORT: 3000
[01-23-12 00:31:31:3131] [32minfo[39m: SQLite3 is connected!
[01-23-12 00:31:31:3131] [32minfo[39m: Preparing app instance
[01-23-12 00:31:31:3131] [32minfo[39m: Server is up.
[01-23-12 00:31:31:3131] [32minfo[39m: HOST: localhost
[01-23-12 00:31:31:3131] [32minfo[39m: PORT: 3000
[01-23-12 00:32:52:3252] [32minfo[39m: SQLite3 is connected!
[01-23-12 00:32:52:3252] [32minfo[39m: Preparing app instance
[01-23-12 00:32:52:3252] [32minfo[39m: Server is up.
[01-23-12 00:32:52:3252] [32minfo[39m: HOST: localhost
[01-23-12 00:32:52:3252] [32minfo[39m: PORT: 3000
[32minfo[39m, HTTP POST /posts
[32minfo[39m, HTTP POST /posts
[32minfo[39m, HTTP POST /auth/sign-in
[32minfo[39m, HTTP POST /auth/sign-in
[32minfo[39m, HTTP POST /auth/sign-in
[32minfo[39m, HTTP POST /posts
[32minfo[39m, HTTP POST /posts
[32minfo[39m, HTTP POST /posts
[32minfo[39m, HTTP POST /posts
[32minfo[39m, HTTP POST /posts
[32minfo[39m, HTTP POST /posts
[32minfo[39m, HTTP POST /posts
[32minfo[39m, HTTP POST /posts
[32minfo[39m, HTTP POST /posts
[32minfo[39m, HTTP POST /posts
[32minfo[39m, HTTP GET /posts?page=2&size=10
[32minfo[39m, HTTP GET /posts?page=1&size=10
[32minfo[39m, HTTP GET /posts?page=0&size=10
[01-23-12 00:36:58:3658] [32minfo[39m: SQLite3 is connected!
[01-23-12 00:36:58:3658] [32minfo[39m: Preparing app instance
[01-23-12 00:36:58:3658] [32minfo[39m: Server is up.
[01-23-12 00:36:58:3658] [32minfo[39m: HOST: localhost
[01-23-12 00:36:58:3658] [32minfo[39m: PORT: 3000
[01-23-12 00:37:11:3711] [32minfo[39m: SQLite3 is connected!
[01-23-12 00:37:11:3711] [32minfo[39m: Preparing app instance
[01-23-12 00:37:11:3711] [32minfo[39m: Server is up.
[01-23-12 00:37:11:3711] [32minfo[39m: HOST: localhost
[01-23-12 00:37:11:3711] [32minfo[39m: PORT: 3000
[01-23-12 00:37:46:3746] [32minfo[39m: SQLite3 is connected!
[01-23-12 00:37:46:3746] [32minfo[39m: Preparing app instance
[01-23-12 00:37:46:3746] [32minfo[39m: Server is up.
[01-23-12 00:37:46:3746] [32minfo[39m: HOST: localhost
[01-23-12 00:37:46:3746] [32minfo[39m: PORT: 3000
[01-23-12 00:38:15:3815] [32minfo[39m: SQLite3 is connected!
[01-23-12 00:38:15:3815] [32minfo[39m: Preparing app instance
[01-23-12 00:38:15:3815] [32minfo[39m: Server is up.
[01-23-12 00:38:15:3815] [32minfo[39m: HOST: localhost
[01-23-12 00:38:15:3815] [32minfo[39m: PORT: 3000
[01-23-12 00:38:43:3843] [32minfo[39m: SQLite3 is connected!
[01-23-12 00:38:43:3843] [32minfo[39m: Preparing app instance
[01-23-12 00:38:43:3843] [32minfo[39m: Server is up.
[01-23-12 00:38:43:3843] [32minfo[39m: HOST: localhost
[01-23-12 00:38:43:3843] [32minfo[39m: PORT: 3000
[32minfo[39m, HTTP GET /users?page=0&size=10
[32minfo[39m, HTTP GET /users?page=0&size=10
[32minfo[39m, HTTP GET /users?page=0&size=10
[32minfo[39m, HTTP GET /users?page=0&size=10
[32minfo[39m, HTTP GET /users?page=0&size=10
[32minfo[39m, HTTP GET /users?page=0&size=10
[32minfo[39m, HTTP GET /users?page=0&size=10
[32minfo[39m, HTTP GET /users?page=0&size=10
[32minfo[39m, HTTP GET /users?page=0&size=10
[32minfo[39m, HTTP GET /users?page=0&size=10
[32minfo[39m, HTTP GET /users?page=0&size=10
[32minfo[39m, HTTP GET /users?page=0&size=10
[32minfo[39m, HTTP GET /users?page=0&size=10
[32minfo[39m, HTTP GET /users?page=0&size=10
[32minfo[39m, HTTP GET /users?page=0&size=10
[32minfo[39m, HTTP GET /users?page=0&size=10
[01-23-12 00:39:15:3915] [32minfo[39m: SQLite3 is connected!
[01-23-12 00:39:15:3915] [32minfo[39m: Preparing app instance
[01-23-12 00:39:15:3915] [32minfo[39m: Server is up.
[01-23-12 00:39:15:3915] [32minfo[39m: HOST: localhost
[01-23-12 00:39:15:3915] [32minfo[39m: PORT: 3000
[32minfo[39m, HTTP GET /users?page=0&size=10
[32minfo[39m, HTTP GET /users?page=0&size=10
[32minfo[39m, HTTP GET /users?page=0&size=10
[32minfo[39m, HTTP GET /users?page=0&size=10
[32minfo[39m, HTTP GET /users?page=0&size=10
[32minfo[39m, HTTP GET /users?page=0&size=10
[32minfo[39m, HTTP GET /users?page=0&size=10
[32minfo[39m, HTTP GET /users?page=0&size=10
[32minfo[39m, HTTP GET /users?page=0&size=10
[32minfo[39m, HTTP GET /users?page=0&size=10
[32minfo[39m, HTTP GET /users?page=0&size=10
[32minfo[39m, HTTP GET /users?page=0&size=10
[32minfo[39m, HTTP GET /users?page=0&size=10
[32minfo[39m, HTTP GET /users?page=0&size=10
[32minfo[39m, HTTP GET /users?page=0&size=10
[01-23-12 00:45:34:4534] [32minfo[39m: SQLite3 is connected!
[01-23-12 00:45:34:4534] [32minfo[39m: Preparing app instance
[01-23-12 00:45:34:4534] [32minfo[39m: Server is up.
[01-23-12 00:45:34:4534] [32minfo[39m: HOST: localhost
[01-23-12 00:45:34:4534] [32minfo[39m: PORT: 3000
[01-23-12 00:47:59:4759] [32minfo[39m: SQLite3 is connected!
[01-23-12 00:47:59:4759] [32minfo[39m: Preparing app instance
[01-23-12 00:47:59:4759] [32minfo[39m: Server is up.
[01-23-12 00:47:59:4759] [32minfo[39m: HOST: localhost
[01-23-12 00:47:59:4759] [32minfo[39m: PORT: 3000
[01-23-12 00:50:27:5027] [32minfo[39m: SQLite3 is connected!
[01-23-12 00:50:27:5027] [32minfo[39m: Preparing app instance
[01-23-12 00:50:27:5027] [32minfo[39m: Server is up.
[01-23-12 00:50:27:5027] [32minfo[39m: HOST: localhost
[01-23-12 00:50:27:5027] [32minfo[39m: PORT: 3000
[01-23-12 00:51:19:5119] [32minfo[39m: SQLite3 is connected!
[01-23-12 00:51:19:5119] [32minfo[39m: Preparing app instance
[01-23-12 00:51:19:5119] [32minfo[39m: Server is up.
[01-23-12 00:51:19:5119] [32minfo[39m: HOST: localhost
[01-23-12 00:51:19:5119] [32minfo[39m: PORT: 3000
[01-23-12 00:51:52:5152] [32minfo[39m: SQLite3 is connected!
[01-23-12 00:51:52:5152] [32minfo[39m: Preparing app instance
[01-23-12 00:51:52:5152] [32minfo[39m: Server is up.
[01-23-12 00:51:52:5152] [32minfo[39m: HOST: localhost
[01-23-12 00:51:52:5152] [32minfo[39m: PORT: 3000
[01-23-12 00:52:00:520] [32minfo[39m: SQLite3 is connected!
[01-23-12 00:52:00:520] [32minfo[39m: Preparing app instance
[01-23-12 00:52:00:520] [32minfo[39m: Server is up.
[01-23-12 00:52:00:520] [32minfo[39m: HOST: localhost
[01-23-12 00:52:00:520] [32minfo[39m: PORT: 3000
[01-23-12 00:53:27:5327] [32minfo[39m: SQLite3 is connected!
[01-23-12 00:53:27:5327] [32minfo[39m: Preparing app instance
[01-23-12 00:53:27:5327] [32minfo[39m: Server is up.
[01-23-12 00:53:27:5327] [32minfo[39m: HOST: localhost
[01-23-12 00:53:27:5327] [32minfo[39m: PORT: 3000
[32minfo[39m, HTTP POST /posts
[01-23-12 00:56:57:5657] [32minfo[39m: SQLite3 is connected!
[01-23-12 00:56:57:5657] [32minfo[39m: Preparing app instance
[01-23-12 00:56:57:5657] [32minfo[39m: Server is up.
[01-23-12 00:56:57:5657] [32minfo[39m: HOST: localhost
[01-23-12 00:56:57:5657] [32minfo[39m: PORT: 3000
[32minfo[39m, HTTP POST /posts
[32minfo[39m, HTTP POST /posts
[01-23-12 00:57:15:5715] [32minfo[39m: SQLite3 is connected!
[01-23-12 00:57:15:5715] [32minfo[39m: Preparing app instance
[01-23-12 00:57:15:5715] [32minfo[39m: Server is up.
[01-23-12 00:57:15:5715] [32minfo[39m: HOST: localhost
[01-23-12 00:57:15:5715] [32minfo[39m: PORT: 3000
[32minfo[39m, HTTP POST /posts
[01-23-12 00:58:07:587] [32minfo[39m: SQLite3 is connected!
[01-23-12 00:58:07:587] [32minfo[39m: Preparing app instance
[01-23-12 00:58:07:587] [32minfo[39m: Server is up.
[01-23-12 00:58:07:587] [32minfo[39m: HOST: localhost
[01-23-12 00:58:07:587] [32minfo[39m: PORT: 3000
[32minfo[39m, HTTP POST /posts
[01-23-12 00:58:23:5823] [32minfo[39m: SQLite3 is connected!
[01-23-12 00:58:23:5823] [32minfo[39m: Preparing app instance
[01-23-12 00:58:23:5823] [32minfo[39m: Server is up.
[01-23-12 00:58:23:5823] [32minfo[39m: HOST: localhost
[01-23-12 00:58:23:5823] [32minfo[39m: PORT: 3000
[32minfo[39m, HTTP POST /posts
[01-23-12 00:58:50:5850] [32minfo[39m: SQLite3 is connected!
[01-23-12 00:58:50:5850] [32minfo[39m: Preparing app instance
[01-23-12 00:58:50:5850] [32minfo[39m: Server is up.
[01-23-12 00:58:50:5850] [32minfo[39m: HOST: localhost
[01-23-12 00:58:50:5850] [32minfo[39m: PORT: 3000
[01-23-12 00:59:44:5944] [32minfo[39m: SQLite3 is connected!
[01-23-12 00:59:44:5944] [32minfo[39m: Preparing app instance
[01-23-12 00:59:44:5944] [32minfo[39m: Server is up.
[01-23-12 00:59:44:5944] [32minfo[39m: HOST: localhost
[01-23-12 00:59:44:5944] [32minfo[39m: PORT: 3000
[32minfo[39m, HTTP POST /posts
[01-23-12 01:00:10:010] [32minfo[39m: SQLite3 is connected!
[01-23-12 01:00:10:010] [32minfo[39m: Preparing app instance
[01-23-12 01:00:10:010] [32minfo[39m: Server is up.
[01-23-12 01:00:10:010] [32minfo[39m: HOST: localhost
[01-23-12 01:00:10:010] [32minfo[39m: PORT: 3000
[32minfo[39m, HTTP POST /posts
[32minfo[39m, HTTP POST /posts
[32minfo[39m, HTTP POST /posts
[01-23-12 01:02:30:230] [32minfo[39m: SQLite3 is connected!
[01-23-12 01:02:30:230] [32minfo[39m: Preparing app instance
[01-23-12 01:02:30:230] [32minfo[39m: Server is up.
[01-23-12 01:02:30:230] [32minfo[39m: HOST: localhost
[01-23-12 01:02:30:230] [32minfo[39m: PORT: 3000
[32minfo[39m, HTTP POST /posts
[32minfo[39m, HTTP POST /posts
[32minfo[39m, HTTP POST /posts
[01-23-12 01:03:17:317] [32minfo[39m: SQLite3 is connected!
[01-23-12 01:03:17:317] [32minfo[39m: Preparing app instance
[01-23-12 01:03:17:317] [32minfo[39m: Server is up.
[01-23-12 01:03:17:317] [32minfo[39m: HOST: localhost
[01-23-12 01:03:17:317] [32minfo[39m: PORT: 3000
[01-23-12 01:03:48:348] [32minfo[39m: SQLite3 is connected!
[01-23-12 01:03:48:348] [32minfo[39m: Preparing app instance
[01-23-12 01:03:48:348] [32minfo[39m: Server is up.
[01-23-12 01:03:48:348] [32minfo[39m: HOST: localhost
[01-23-12 01:03:48:348] [32minfo[39m: PORT: 3000
[32minfo[39m, HTTP POST /posts
[01-23-12 01:04:09:49] [32minfo[39m: SQLite3 is connected!
[01-23-12 01:04:09:49] [32minfo[39m: Preparing app instance
[01-23-12 01:04:09:49] [32minfo[39m: Server is up.
[01-23-12 01:04:09:49] [32minfo[39m: HOST: localhost
[01-23-12 01:04:09:49] [32minfo[39m: PORT: 3000
[32minfo[39m, HTTP POST /posts
[01-23-12 01:04:28:428] [32minfo[39m: SQLite3 is connected!
[01-23-12 01:04:28:428] [32minfo[39m: Preparing app instance
[01-23-12 01:04:28:428] [32minfo[39m: Server is up.
[01-23-12 01:04:28:428] [32minfo[39m: HOST: localhost
[01-23-12 01:04:28:428] [32minfo[39m: PORT: 3000
[32minfo[39m, HTTP POST /posts
[01-23-12 01:05:19:519] [32minfo[39m: SQLite3 is connected!
[01-23-12 01:05:19:519] [32minfo[39m: Preparing app instance
[01-23-12 01:05:19:519] [32minfo[39m: Server is up.
[01-23-12 01:05:19:519] [32minfo[39m: HOST: localhost
[01-23-12 01:05:19:519] [32minfo[39m: PORT: 3000
[01-23-12 01:06:25:625] [32minfo[39m: SQLite3 is connected!
[01-23-12 01:06:25:625] [32minfo[39m: Preparing app instance
[01-23-12 01:06:25:625] [32minfo[39m: Server is up.
[01-23-12 01:06:25:625] [32minfo[39m: HOST: localhost
[01-23-12 01:06:25:625] [32minfo[39m: PORT: 3000
[32minfo[39m, HTTP POST /posts
[01-23-12 01:07:20:720] [32minfo[39m: SQLite3 is connected!
[01-23-12 01:07:20:720] [32minfo[39m: Preparing app instance
[01-23-12 01:07:20:720] [32minfo[39m: Server is up.
[01-23-12 01:07:20:720] [32minfo[39m: HOST: localhost
[01-23-12 01:07:20:720] [32minfo[39m: PORT: 3000
[01-23-12 01:07:23:723] [32minfo[39m: SQLite3 is connected!
[01-23-12 01:07:23:723] [32minfo[39m: Preparing app instance
[01-23-12 01:07:24:724] [32minfo[39m: Server is up.
[01-23-12 01:07:24:724] [32minfo[39m: HOST: localhost
[01-23-12 01:07:24:724] [32minfo[39m: PORT: 3000
[32minfo[39m, HTTP POST /posts
[01-23-12 01:07:40:740] [32minfo[39m: SQLite3 is connected!
[01-23-12 01:07:40:740] [32minfo[39m: Preparing app instance
[01-23-12 01:07:40:740] [32minfo[39m: Server is up.
[01-23-12 01:07:40:740] [32minfo[39m: HOST: localhost
[01-23-12 01:07:40:740] [32minfo[39m: PORT: 3000
[32minfo[39m, HTTP POST /posts
[01-23-12 01:08:30:830] [32minfo[39m: SQLite3 is connected!
[01-23-12 01:08:30:830] [32minfo[39m: Preparing app instance
[01-23-12 01:08:30:830] [32minfo[39m: Server is up.
[01-23-12 01:08:30:830] [32minfo[39m: HOST: localhost
[01-23-12 01:08:30:830] [32minfo[39m: PORT: 3000
[01-23-12 01:11:52:1152] [32minfo[39m: SQLite3 is connected!
[01-23-12 01:11:52:1152] [32minfo[39m: Preparing app instance
[01-23-12 01:11:52:1152] [32minfo[39m: Server is up.
[01-23-12 01:11:52:1152] [32minfo[39m: HOST: localhost
[01-23-12 01:11:52:1152] [32minfo[39m: PORT: 3000
[32minfo[39m, HTTP POST /posts
[01-23-12 01:12:54:1254] [32minfo[39m: SQLite3 is connected!
[01-23-12 01:12:54:1254] [32minfo[39m: Preparing app instance
[01-23-12 01:12:54:1254] [32minfo[39m: Server is up.
[01-23-12 01:12:54:1254] [32minfo[39m: HOST: localhost
[01-23-12 01:12:54:1254] [32minfo[39m: PORT: 3000
[01-23-12 01:13:03:133] [32minfo[39m: SQLite3 is connected!
[01-23-12 01:13:03:133] [32minfo[39m: Preparing app instance
[01-23-12 01:13:03:133] [32minfo[39m: Server is up.
[01-23-12 01:13:03:133] [32minfo[39m: HOST: localhost
[01-23-12 01:13:03:133] [32minfo[39m: PORT: 3000
[32minfo[39m, HTTP POST /posts
[32minfo[39m, HTTP POST /posts
[32minfo[39m, HTTP POST /posts
[01-23-12 01:13:57:1357] [32minfo[39m: SQLite3 is connected!
[01-23-12 01:13:57:1357] [32minfo[39m: Preparing app instance
[01-23-12 01:13:57:1357] [32minfo[39m: Server is up.
[01-23-12 01:13:57:1357] [32minfo[39m: HOST: localhost
[01-23-12 01:13:57:1357] [32minfo[39m: PORT: 3000
[01-23-12 01:14:53:1453] [32minfo[39m: SQLite3 is connected!
[01-23-12 01:14:53:1453] [32minfo[39m: Preparing app instance
[01-23-12 01:14:53:1453] [32minfo[39m: Server is up.
[01-23-12 01:14:53:1453] [32minfo[39m: HOST: localhost
[01-23-12 01:14:53:1453] [32minfo[39m: PORT: 3000
[01-23-12 01:15:21:1521] [32minfo[39m: SQLite3 is connected!
[01-23-12 01:15:21:1521] [32minfo[39m: Preparing app instance
[01-23-12 01:15:21:1521] [32minfo[39m: Server is up.
[01-23-12 01:15:21:1521] [32minfo[39m: HOST: localhost
[01-23-12 01:15:21:1521] [32minfo[39m: PORT: 3000
[01-23-12 01:15:29:1529] [32minfo[39m: SQLite3 is connected!
[01-23-12 01:15:29:1529] [32minfo[39m: Preparing app instance
[01-23-12 01:15:29:1529] [32minfo[39m: Server is up.
[01-23-12 01:15:29:1529] [32minfo[39m: HOST: localhost
[01-23-12 01:15:29:1529] [32minfo[39m: PORT: 3000
[01-23-12 01:17:02:172] [32minfo[39m: SQLite3 is connected!
[01-23-12 01:17:02:172] [32minfo[39m: Preparing app instance
[01-23-12 01:17:02:172] [32minfo[39m: Server is up.
[01-23-12 01:17:02:172] [32minfo[39m: HOST: localhost
[01-23-12 01:17:02:172] [32minfo[39m: PORT: 3000
[01-23-12 01:17:15:1715] [32minfo[39m: SQLite3 is connected!
[01-23-12 01:17:15:1715] [32minfo[39m: Preparing app instance
[01-23-12 01:17:15:1715] [32minfo[39m: Server is up.
[01-23-12 01:17:15:1715] [32minfo[39m: HOST: localhost
[01-23-12 01:17:15:1715] [32minfo[39m: PORT: 3000
[01-23-12 01:19:13:1913] [32minfo[39m: SQLite3 is connected!
[01-23-12 01:19:13:1913] [32minfo[39m: Preparing app instance
[01-23-12 01:19:13:1913] [32minfo[39m: Server is up.
[01-23-12 01:19:13:1913] [32minfo[39m: HOST: localhost
[01-23-12 01:19:13:1913] [32minfo[39m: PORT: 3000
[01-23-12 01:20:14:2014] [32minfo[39m: SQLite3 is connected!
[01-23-12 01:20:14:2014] [32minfo[39m: Preparing app instance
[01-23-12 01:20:14:2014] [32minfo[39m: Server is up.
[01-23-12 01:20:14:2014] [32minfo[39m: HOST: localhost
[01-23-12 01:20:14:2014] [32minfo[39m: PORT: 3000
[01-23-12 01:20:32:2032] [32minfo[39m: SQLite3 is connected!
[01-23-12 01:20:32:2032] [32minfo[39m: Preparing app instance
[01-23-12 01:20:32:2032] [32minfo[39m: Server is up.
[01-23-12 01:20:32:2032] [32minfo[39m: HOST: localhost
[01-23-12 01:20:32:2032] [32minfo[39m: PORT: 3000
[01-23-12 01:20:46:2046] [32minfo[39m: SQLite3 is connected!
[01-23-12 01:20:46:2046] [32minfo[39m: Preparing app instance
[01-23-12 01:20:46:2046] [32minfo[39m: Server is up.
[01-23-12 01:20:46:2046] [32minfo[39m: HOST: localhost
[01-23-12 01:20:46:2046] [32minfo[39m: PORT: 3000
[32minfo[39m, HTTP POST /posts
[32minfo[39m, HTTP POST /posts
[01-23-12 01:21:17:2117] [32minfo[39m: SQLite3 is connected!
[01-23-12 01:21:17:2117] [32minfo[39m: Preparing app instance
[01-23-12 01:21:17:2117] [32minfo[39m: Server is up.
[01-23-12 01:21:17:2117] [32minfo[39m: HOST: localhost
[01-23-12 01:21:17:2117] [32minfo[39m: PORT: 3000
[32minfo[39m, HTTP POST /posts
[01-23-12 01:24:40:2440] [32minfo[39m: SQLite3 is connected!
[01-23-12 01:24:40:2440] [32minfo[39m: Preparing app instance
[01-23-12 01:24:40:2440] [32minfo[39m: Server is up.
[01-23-12 01:24:40:2440] [32minfo[39m: HOST: localhost
[01-23-12 01:24:40:2440] [32minfo[39m: PORT: 3000
[32minfo[39m, HTTP POST /posts
[01-23-12 01:25:01:251] [32minfo[39m: SQLite3 is connected!
[01-23-12 01:25:01:251] [32minfo[39m: Preparing app instance
[01-23-12 01:25:01:251] [32minfo[39m: Server is up.
[01-23-12 01:25:01:251] [32minfo[39m: HOST: localhost
[01-23-12 01:25:01:251] [32minfo[39m: PORT: 3000
[01-23-12 01:27:49:2749] [32minfo[39m: SQLite3 is connected!
[01-23-12 01:27:49:2749] [32minfo[39m: Preparing app instance
[01-23-12 01:27:49:2749] [32minfo[39m: Server is up.
[01-23-12 01:27:49:2749] [32minfo[39m: HOST: localhost
[01-23-12 01:27:49:2749] [32minfo[39m: PORT: 3000
[32minfo[39m, HTTP POST /auth/sign-up
[32minfo[39m, HTTP POST /auth/sign-up
[32minfo[39m, HTTP POST /auth/sign-up
[32minfo[39m, HTTP POST /auth/sign-up
[32minfo[39m, HTTP POST /auth/sign-in
[32minfo[39m, HTTP POST /auth/sign-in
[32minfo[39m, HTTP POST /auth/sign-in
[32minfo[39m, HTTP POST /auth/sign-in
[01-23-12 01:28:48:2848] [32minfo[39m: SQLite3 is connected!
[01-23-12 01:28:48:2848] [32minfo[39m: Preparing app instance
[01-23-12 01:28:48:2848] [32minfo[39m: Server is up.
[01-23-12 01:28:48:2848] [32minfo[39m: HOST: localhost
[01-23-12 01:28:48:2848] [32minfo[39m: PORT: 3000
[01-23-12 15:35:51:3551] [32minfo[39m: SQLite3 is connected!
[01-23-12 15:35:51:3551] [32minfo[39m: Preparing app instance
[01-23-12 15:35:51:3551] [32minfo[39m: Server is up.
[01-23-12 15:35:51:3551] [32minfo[39m: HOST: localhost
[01-23-12 15:35:51:3551] [32minfo[39m: PORT: 3000
[01-23-12 15:36:03:363] [32minfo[39m: SQLite3 is connected!
[01-23-12 15:36:03:363] [32minfo[39m: Preparing app instance
[01-23-12 15:36:03:363] [32minfo[39m: Server is up.
[01-23-12 15:36:03:363] [32minfo[39m: HOST: localhost
[01-23-12 15:36:03:363] [32minfo[39m: PORT: 3000
[32minfo[39m, HTTP POST /auth/sign-in
[32minfo[39m, HTTP POST /auth/sign-in
[32minfo[39m, HTTP POST /auth/sign-up
[32minfo[39m, HTTP POST /auth/sign-up
[32minfo[39m, HTTP POST /auth/sign-up
[32minfo[39m, HTTP POST /auth/sign-in
[32minfo[39m, HTTP POST /posts
[01-23-12 15:37:55:3755] [32minfo[39m: SQLite3 is connected!
[01-23-12 15:37:55:3755] [32minfo[39m: Preparing app instance
[01-23-12 15:37:55:3755] [32minfo[39m: Server is up.
[01-23-12 15:37:55:3755] [32minfo[39m: HOST: localhost
[01-23-12 15:37:55:3755] [32minfo[39m: PORT: 3000
[32minfo[39m, HTTP POST /posts
[32minfo[39m, HTTP POST /auth/sign-in
[32minfo[39m, HTTP POST /posts
[32minfo[39m, HTTP POST /posts
[32minfo[39m, HTTP POST /posts
[32minfo[39m, HTTP POST /auth/sign-in
[01-23-12 15:40:27:4027] [32minfo[39m: SQLite3 is connected!
[01-23-12 15:40:27:4027] [32minfo[39m: Preparing app instance
[01-23-12 15:40:27:4027] [32minfo[39m: Server is up.
[01-23-12 15:40:27:4027] [32minfo[39m: HOST: localhost
[01-23-12 15:40:27:4027] [32minfo[39m: PORT: 3000
[32minfo[39m, HTTP POST /auth/sign-up
[32minfo[39m, HTTP POST /auth/sign-up
[32minfo[39m, HTTP POST /auth/sign-in
[32minfo[39m, HTTP POST /posts
[32minfo[39m, HTTP POST /posts
[32minfo[39m, HTTP POST /auth/sign-in
[32minfo[39m, HTTP POST /posts/2/rate
[01-23-12 15:42:56:4256] [32minfo[39m: SQLite3 is connected!
[01-23-12 15:42:56:4256] [32minfo[39m: Preparing app instance
[01-23-12 15:42:56:4256] [32minfo[39m: Server is up.
[01-23-12 15:42:56:4256] [32minfo[39m: HOST: localhost
[01-23-12 15:42:56:4256] [32minfo[39m: PORT: 3000
[32minfo[39m, HTTP POST /posts/2/rate
[01-23-12 15:43:16:4316] [32minfo[39m: SQLite3 is connected!
[01-23-12 15:43:16:4316] [32minfo[39m: Preparing app instance
[01-23-12 15:43:16:4316] [32minfo[39m: Server is up.
[01-23-12 15:43:16:4316] [32minfo[39m: HOST: localhost
[01-23-12 15:43:16:4316] [32minfo[39m: PORT: 3000
[32minfo[39m, HTTP POST /posts/2/rate
[01-23-12 15:43:31:4331] [32minfo[39m: SQLite3 is connected!
[01-23-12 15:43:31:4331] [32minfo[39m: Preparing app instance
[01-23-12 15:43:31:4331] [32minfo[39m: Server is up.
[01-23-12 15:43:31:4331] [32minfo[39m: HOST: localhost
[01-23-12 15:43:31:4331] [32minfo[39m: PORT: 3000
[32minfo[39m, HTTP POST /posts/2/rate
[01-23-12 15:47:04:474] [32minfo[39m: SQLite3 is connected!
[01-23-12 15:47:04:474] [32minfo[39m: Preparing app instance
[01-23-12 15:47:04:474] [32minfo[39m: Server is up.
[01-23-12 15:47:04:474] [32minfo[39m: HOST: localhost
[01-23-12 15:47:04:474] [32minfo[39m: PORT: 3000
[01-23-12 15:50:38:5038] [32minfo[39m: SQLite3 is connected!
[01-23-12 15:50:38:5038] [32minfo[39m: Preparing app instance
[01-23-12 15:50:38:5038] [32minfo[39m: Server is up.
[01-23-12 15:50:38:5038] [32minfo[39m: HOST: localhost
[01-23-12 15:50:38:5038] [32minfo[39m: PORT: 3000
[32minfo[39m, HTTP POST /posts/2/rate
[32minfo[39m, HTTP POST /auth/sign-up
[32minfo[39m, HTTP POST /auth/sign-in
[32minfo[39m, HTTP POST /posts/2/rate
[32minfo[39m, HTTP POST /posts
[32minfo[39m, HTTP POST /posts/3/rate
[32minfo[39m, HTTP POST /posts/3/rate
[32minfo[39m, HTTP POST /posts/3/rate
[32minfo[39m, HTTP POST /posts/3/rate
[32minfo[39m, HTTP POST /posts/3/rate
[32minfo[39m, HTTP POST /posts/3/rate
[32minfo[39m, HTTP POST /posts/3/rate
[01-23-12 16:14:06:146] [32minfo[39m: SQLite3 is connected!
[01-23-12 16:14:06:146] [32minfo[39m: Preparing app instance
[01-23-12 16:14:06:146] [32minfo[39m: Server is up.
[01-23-12 16:14:06:146] [32minfo[39m: HOST: localhost
[01-23-12 16:14:06:146] [32minfo[39m: PORT: 3000
[01-23-12 16:14:22:1422] [32minfo[39m: SQLite3 is connected!
[01-23-12 16:14:22:1422] [32minfo[39m: Preparing app instance
[01-23-12 16:14:22:1422] [32minfo[39m: Server is up.
[01-23-12 16:14:22:1422] [32minfo[39m: HOST: localhost
[01-23-12 16:14:22:1422] [32minfo[39m: PORT: 3000
[01-23-12 16:14:43:1443] [32minfo[39m: SQLite3 is connected!
[01-23-12 16:14:43:1443] [32minfo[39m: Preparing app instance
[01-23-12 16:14:43:1443] [32minfo[39m: Server is up.
[01-23-12 16:14:43:1443] [32minfo[39m: HOST: localhost
[01-23-12 16:14:43:1443] [32minfo[39m: PORT: 3000
[01-23-12 16:15:04:154] [32minfo[39m: SQLite3 is connected!
[01-23-12 16:15:04:154] [32minfo[39m: Preparing app instance
[01-23-12 16:15:04:154] [32minfo[39m: Server is up.
[01-23-12 16:15:04:154] [32minfo[39m: HOST: localhost
[01-23-12 16:15:04:154] [32minfo[39m: PORT: 3000
[01-23-12 16:15:53:1553] [32minfo[39m: SQLite3 is connected!
[01-23-12 16:15:53:1553] [32minfo[39m: Preparing app instance
[01-23-12 16:15:53:1553] [32minfo[39m: Server is up.
[01-23-12 16:15:53:1553] [32minfo[39m: HOST: localhost
[01-23-12 16:15:53:1553] [32minfo[39m: PORT: 3000
[32minfo[39m, HTTP POST /auth/sign-up
[32minfo[39m, HTTP POST /auth/sign-up
[32minfo[39m, HTTP POST /auth/sign-up
[32minfo[39m, HTTP POST /auth/sign-in
[32minfo[39m, HTTP POST /posts
[32minfo[39m, HTTP POST /auth/sign-in
[32minfo[39m, HTTP POST /posts/3/rate
[32minfo[39m, HTTP POST /posts/1/rate
[01-23-12 16:17:48:1748] [32minfo[39m: SQLite3 is connected!
[01-23-12 16:17:48:1748] [32minfo[39m: Preparing app instance
[01-23-12 16:17:48:1748] [32minfo[39m: Server is up.
[01-23-12 16:17:48:1748] [32minfo[39m: HOST: localhost
[01-23-12 16:17:48:1748] [32minfo[39m: PORT: 3000
[32minfo[39m, HTTP POST /posts/1/rate
[32minfo[39m, HTTP POST /auth/sign-in
[32minfo[39m, HTTP POST /posts/1/rate
[32minfo[39m, HTTP POST /posts/1/rate
[01-23-12 16:19:30:1930] [32minfo[39m: SQLite3 is connected!
[01-23-12 16:19:30:1930] [32minfo[39m: Preparing app instance
[01-23-12 16:19:31:1931] [32minfo[39m: Server is up.
[01-23-12 16:19:31:1931] [32minfo[39m: HOST: localhost
[01-23-12 16:19:31:1931] [32minfo[39m: PORT: 3000
[01-23-12 16:19:38:1938] [32minfo[39m: SQLite3 is connected!
[01-23-12 16:19:38:1938] [32minfo[39m: Preparing app instance
[01-23-12 16:19:38:1938] [32minfo[39m: Server is up.
[01-23-12 16:19:38:1938] [32minfo[39m: HOST: localhost
[01-23-12 16:19:38:1938] [32minfo[39m: PORT: 3000
[32minfo[39m, HTTP POST /auth/sign-in
[32minfo[39m, HTTP POST /posts/1/rate
[01-23-12 16:20:16:2016] [32minfo[39m: SQLite3 is connected!
[01-23-12 16:20:16:2016] [32minfo[39m: Preparing app instance
[01-23-12 16:20:16:2016] [32minfo[39m: Server is up.
[01-23-12 16:20:16:2016] [32minfo[39m: HOST: localhost
[01-23-12 16:20:16:2016] [32minfo[39m: PORT: 3000
[01-23-12 16:20:19:2019] [32minfo[39m: SQLite3 is connected!
[01-23-12 16:20:19:2019] [32minfo[39m: Preparing app instance
[01-23-12 16:20:19:2019] [32minfo[39m: Server is up.
[01-23-12 16:20:19:2019] [32minfo[39m: HOST: localhost
[01-23-12 16:20:19:2019] [32minfo[39m: PORT: 3000
[32minfo[39m, HTTP POST /posts/1/rate
[01-23-12 16:21:18:2118] [32minfo[39m: SQLite3 is connected!
[01-23-12 16:21:18:2118] [32minfo[39m: Preparing app instance
[01-23-12 16:21:18:2118] [32minfo[39m: Server is up.
[01-23-12 16:21:18:2118] [32minfo[39m: HOST: localhost
[01-23-12 16:21:18:2118] [32minfo[39m: PORT: 3000
[32minfo[39m, HTTP POST /posts/1/rate
[32minfo[39m, HTTP POST /posts/1/rate
[32minfo[39m, HTTP POST /posts/1/rate
[01-23-12 16:22:04:224] [32minfo[39m: SQLite3 is connected!
[01-23-12 16:22:04:224] [32minfo[39m: Preparing app instance
[01-23-12 16:22:04:224] [32minfo[39m: Server is up.
[01-23-12 16:22:04:224] [32minfo[39m: HOST: localhost
[01-23-12 16:22:04:224] [32minfo[39m: PORT: 3000
[32minfo[39m, HTTP POST /posts/1/rate
[32minfo[39m, HTTP POST /posts/1/rate
[01-23-12 16:28:38:2838] [32minfo[39m: SQLite3 is connected!
[01-23-12 16:28:38:2838] [32minfo[39m: Preparing app instance
[01-23-12 16:28:38:2838] [32minfo[39m: Server is up.
[01-23-12 16:28:38:2838] [32minfo[39m: HOST: localhost
[01-23-12 16:28:38:2838] [32minfo[39m: PORT: 3000
[01-23-12 16:30:25:3025] [32minfo[39m: SQLite3 is connected!
[01-23-12 16:30:25:3025] [32minfo[39m: Preparing app instance
[01-23-12 16:30:25:3025] [32minfo[39m: Server is up.
[01-23-12 16:30:25:3025] [32minfo[39m: HOST: localhost
[01-23-12 16:30:25:3025] [32minfo[39m: PORT: 3000
[32minfo[39m, HTTP POST /posts/1/rate
[32minfo[39m, HTTP POST /posts/1/rate
[32minfo[39m, HTTP POST /posts/1/rate
[32minfo[39m, HTTP POST /posts/1/rate
[32minfo[39m, HTTP POST /auth/sign-in
[32minfo[39m, HTTP POST /posts/1/rate
[32minfo[39m, HTTP POST /posts/1/rate
[32minfo[39m, HTTP POST /auth/sign-up
[32minfo[39m, HTTP POST /auth/sign-in
[32minfo[39m, HTTP POST /posts/1/rate
[32minfo[39m, HTTP POST /posts/1/rate
[32minfo[39m, HTTP POST /auth/sign-up
[32minfo[39m, HTTP POST /auth/sign-in
[32minfo[39m, HTTP POST /posts/1/rate
[32minfo[39m, HTTP POST /auth/sign-up
[32minfo[39m, HTTP POST /auth/sign-in
[32minfo[39m, HTTP POST /posts/1/rate
[32minfo[39m, HTTP POST /auth/sign-up
[32minfo[39m, HTTP POST /auth/sign-in
[32minfo[39m, HTTP POST /posts/1/rate
[01-23-12 16:36:40:3640] [32minfo[39m: SQLite3 is connected!
[01-23-12 16:36:40:3640] [32minfo[39m: Preparing app instance
[01-23-12 16:36:40:3640] [32minfo[39m: Server is up.
[01-23-12 16:36:40:3640] [32minfo[39m: HOST: localhost
[01-23-12 16:36:40:3640] [32minfo[39m: PORT: 3000
[32minfo[39m, HTTP GET /posts/:1
[32minfo[39m, HTTP GET /posts/:1
[32minfo[39m, HTTP GET /posts/1
[32minfo[39m, HTTP GET /posts/1
[32minfo[39m, HTTP GET /posts/1
[01-23-12 16:38:05:385] [32minfo[39m: SQLite3 is connected!
[01-23-12 16:38:05:385] [32minfo[39m: Preparing app instance
[01-23-12 16:38:05:385] [32minfo[39m: Server is up.
[01-23-12 16:38:05:385] [32minfo[39m: HOST: localhost
[01-23-12 16:38:05:385] [32minfo[39m: PORT: 3000
[32minfo[39m, HTTP GET /posts/1
[01-23-12 16:38:59:3859] [32minfo[39m: SQLite3 is connected!
[01-23-12 16:38:59:3859] [32minfo[39m: Preparing app instance
[01-23-12 16:38:59:3859] [32minfo[39m: Server is up.
[01-23-12 16:38:59:3859] [32minfo[39m: HOST: localhost
[01-23-12 16:38:59:3859] [32minfo[39m: PORT: 3000
[32minfo[39m, HTTP GET /posts/1
[01-23-12 16:39:13:3913] [32minfo[39m: SQLite3 is connected!
[01-23-12 16:39:13:3913] [32minfo[39m: Preparing app instance
[01-23-12 16:39:13:3913] [32minfo[39m: Server is up.
[01-23-12 16:39:13:3913] [32minfo[39m: HOST: localhost
[01-23-12 16:39:13:3913] [32minfo[39m: PORT: 3000
[01-23-12 16:39:52:3952] [32minfo[39m: SQLite3 is connected!
[01-23-12 16:39:52:3952] [32minfo[39m: Preparing app instance
[01-23-12 16:39:52:3952] [32minfo[39m: Server is up.
[01-23-12 16:39:52:3952] [32minfo[39m: HOST: localhost
[01-23-12 16:39:52:3952] [32minfo[39m: PORT: 3000
[32minfo[39m, HTTP GET /posts/1
[01-23-12 16:40:33:4033] [32minfo[39m: SQLite3 is connected!
[01-23-12 16:40:33:4033] [32minfo[39m: Preparing app instance
[01-23-12 16:40:33:4033] [32minfo[39m: Server is up.
[01-23-12 16:40:33:4033] [32minfo[39m: HOST: localhost
[01-23-12 16:40:33:4033] [32minfo[39m: PORT: 3000
[32minfo[39m, HTTP GET /posts/1
[01-23-12 16:40:59:4059] [32minfo[39m: SQLite3 is connected!
[01-23-12 16:40:59:4059] [32minfo[39m: Preparing app instance
[01-23-12 16:40:59:4059] [32minfo[39m: Server is up.
[01-23-12 16:40:59:4059] [32minfo[39m: HOST: localhost
[01-23-12 16:40:59:4059] [32minfo[39m: PORT: 3000
[32minfo[39m, HTTP GET /posts/1
[32minfo[39m, HTTP GET /posts/1
[32minfo[39m, HTTP GET /posts/1
[32minfo[39m, HTTP GET /posts/1
[01-23-12 16:42:08:428] [32minfo[39m: SQLite3 is connected!
[01-23-12 16:42:08:428] [32minfo[39m: Preparing app instance
[01-23-12 16:42:08:428] [32minfo[39m: Server is up.
[01-23-12 16:42:08:428] [32minfo[39m: HOST: localhost
[01-23-12 16:42:08:428] [32minfo[39m: PORT: 3000
[32minfo[39m, HTTP GET /posts/1
[01-23-12 16:42:33:4233] [32minfo[39m: SQLite3 is connected!
[01-23-12 16:42:33:4233] [32minfo[39m: Preparing app instance
[01-23-12 16:42:33:4233] [32minfo[39m: Server is up.
[01-23-12 16:42:33:4233] [32minfo[39m: HOST: localhost
[01-23-12 16:42:33:4233] [32minfo[39m: PORT: 3000
[32minfo[39m, HTTP GET /posts/1
[32minfo[39m, HTTP POST /posts/1/rate
[32minfo[39m, HTTP GET /posts/1
[01-23-12 16:42:50:4250] [32minfo[39m: SQLite3 is connected!
[01-23-12 16:42:50:4250] [32minfo[39m: Preparing app instance
[01-23-12 16:42:50:4250] [32minfo[39m: Server is up.
[01-23-12 16:42:50:4250] [32minfo[39m: HOST: localhost
[01-23-12 16:42:50:4250] [32minfo[39m: PORT: 3000
[01-23-12 16:43:15:4315] [32minfo[39m: SQLite3 is connected!
[01-23-12 16:43:15:4315] [32minfo[39m: Preparing app instance
[01-23-12 16:43:15:4315] [32minfo[39m: Server is up.
[01-23-12 16:43:15:4315] [32minfo[39m: HOST: localhost
[01-23-12 16:43:15:4315] [32minfo[39m: PORT: 3000
[32minfo[39m, HTTP POST /posts
[32minfo[39m, HTTP POST /posts
[32minfo[39m, HTTP POST /auth/sign-in
[32minfo[39m, HTTP POST /posts/1/rate
[32minfo[39m, HTTP POST /posts/2/rate
[01-23-12 17:11:38:1138] [32minfo[39m: SQLite3 is connected!
[01-23-12 17:11:38:1138] [32minfo[39m: Preparing app instance
[01-23-12 17:11:38:1138] [32minfo[39m: Server is up.
[01-23-12 17:11:38:1138] [32minfo[39m: HOST: localhost
[01-23-12 17:11:38:1138] [32minfo[39m: PORT: 3000
[32minfo[39m, HTTP GET /users?page=0&size=20
[01-23-12 17:12:53:1253] [32minfo[39m: SQLite3 is connected!
[01-23-12 17:12:53:1253] [32minfo[39m: Preparing app instance
[01-23-12 17:12:53:1253] [32minfo[39m: Server is up.
[01-23-12 17:12:53:1253] [32minfo[39m: HOST: localhost
[01-23-12 17:12:53:1253] [32minfo[39m: PORT: 3000
[01-23-12 17:26:46:2646] [32minfo[39m: SQLite3 is connected!
[01-23-12 17:26:46:2646] [32minfo[39m: Preparing app instance
[01-23-12 17:26:46:2646] [32minfo[39m: Server is up.
[01-23-12 17:26:46:2646] [32minfo[39m: HOST: localhost
[01-23-12 17:26:46:2646] [32minfo[39m: PORT: 3000
[32minfo[39m, HTTP POST /auth/sign-up
[32minfo[39m, HTTP POST /auth/sign-up
[32minfo[39m, HTTP POST /auth/sign-in
[32minfo[39m, HTTP POST /posts
[32minfo[39m, HTTP POST /posts
[32minfo[39m, HTTP POST /auth/sign-in
[32minfo[39m, HTTP POST /posts
[32minfo[39m, HTTP POST /posts
[32minfo[39m, HTTP POST /auth/sign-up
[32minfo[39m, HTTP POST /auth/sign-up
[32minfo[39m, HTTP POST /auth/sign-up
[32minfo[39m, HTTP POST /auth/sign-in
[32minfo[39m, HTTP POST /posts/3/rate
[32minfo[39m, HTTP POST /posts/4/rate
[32minfo[39m, HTTP POST /auth/sign-in
[32minfo[39m, HTTP POST /posts/1/rate
[32minfo[39m, HTTP POST /posts/2/rate
[32minfo[39m, HTTP POST /auth/sign-in
[32minfo[39m, HTTP POST /posts/1/rate
[32minfo[39m, HTTP POST /posts/2/rate
[32minfo[39m, HTTP POST /posts/3/rate
[32minfo[39m, HTTP POST /posts/4/rate
[32minfo[39m, HTTP POST /posts/5/rate
[32minfo[39m, HTTP POST /auth/sign-in
[32minfo[39m, HTTP POST /posts/1/rate
[32minfo[39m, HTTP POST /posts/2/rate
[32minfo[39m, HTTP POST /posts/3/rate
[32minfo[39m, HTTP POST /posts/4/rate
[32minfo[39m, HTTP GET /users?page=0&size=20
[32minfo[39m, HTTP GET /posts/1
[32minfo[39m, HTTP GET /posts/2
[32minfo[39m, HTTP GET /posts/1
[32minfo[39m, HTTP GET /users?page=0&size=20
